30/10/21 12:49:11 PM Saturday - <module> - INFO : Launch app
30/10/21 02:31:32 PM Saturday - <module> - INFO : Launch app
30/10/21 02:31:33 PM Saturday - <module> - INFO : clicked on login
30/10/21 02:38:29 PM Saturday - <module> - INFO : Launch app
30/10/21 02:38:30 PM Saturday - <module> - INFO : clicked on login
30/10/21 02:49:54 PM Saturday - <module> - INFO : Launch app
30/10/21 02:49:54 PM Saturday - BasePage - INFO : Element not found with LocatorType: xpath and with the locatorValue ://android.widget.Button[@text='Login']
30/10/21 02:49:54 PM Saturday - BasePage - INFO : Unable to click on Element with LocatorType: xpath and with the locatorValue ://android.widget.Button[@text='Login']
30/10/21 02:49:54 PM Saturday - <module> - INFO : clicked on login
30/10/21 03:00:07 PM Saturday - <module> - INFO : Launch app
30/10/21 03:00:07 PM Saturday - BasePage - INFO : Element not found with LocatorType: id and with the locatorValue :com.shaadi.android:id/btn_morph_login
30/10/21 03:00:07 PM Saturday - BasePage - INFO : Unable to click on Element with LocatorType: id and with the locatorValue :com.shaadi.android:id/btn_morph_login
30/10/21 03:00:07 PM Saturday - <module> - INFO : clicked on login
30/10/21 03:03:41 PM Saturday - <module> - INFO : Launch app
30/10/21 03:03:41 PM Saturday - BasePage - INFO : Element not found with LocatorType: id and with the locatorValue :com.shaadi.android:id/btn_morph_login
30/10/21 03:03:41 PM Saturday - BasePage - INFO : Unable to click on Element with LocatorType: id and with the locatorValue :com.shaadi.android:id/btn_morph_login
30/10/21 03:03:41 PM Saturday - <module> - INFO : clicked on login
30/10/21 03:05:48 PM Saturday - <module> - INFO : Launch app
30/10/21 03:05:48 PM Saturday - BasePage - INFO : Element not found with LocatorType: id and with the locatorValue :com.shaadi.android:id/btn_morph_login
30/10/21 03:05:48 PM Saturday - BasePage - INFO : Unable to click on Element with LocatorType: id and with the locatorValue :com.shaadi.android:id/btn_morph_login
30/10/21 03:05:48 PM Saturday - <module> - INFO : clicked on login
30/10/21 03:06:32 PM Saturday - <module> - INFO : Launch app
30/10/21 03:06:32 PM Saturday - BasePage - INFO : Element not found with LocatorType: id and with the locatorValue :com.shaadi.android:id/btn_morph_login
30/10/21 03:06:32 PM Saturday - BasePage - INFO : Unable to click on Element with LocatorType: id and with the locatorValue :com.shaadi.android:id/btn_morph_login
30/10/21 03:06:32 PM Saturday - <module> - INFO : clicked on login
30/10/21 03:07:28 PM Saturday - <module> - INFO : Launch app
30/10/21 03:07:44 PM Saturday - BasePage - INFO : Element not found with LocatorType: id and with the locatorValue :com.shaadi.android:id/btn_morph_login
30/10/21 03:07:44 PM Saturday - BasePage - INFO : Unable to click on Element with LocatorType: id and with the locatorValue :com.shaadi.android:id/btn_morph_login
30/10/21 03:07:49 PM Saturday - <module> - INFO : clicked on login
30/10/21 03:08:48 PM Saturday - <module> - INFO : Launch app
30/10/21 03:12:52 PM Saturday - BasePage - INFO : Element not found with LocatorType: id and with the locatorValue :com.shaadi.android:id/btn_morph_login
30/10/21 03:13:13 PM Saturday - BasePage - INFO : Unable to click on Element with LocatorType: id and with the locatorValue :com.shaadi.android:id/btn_morph_login
30/10/21 03:13:17 PM Saturday - <module> - INFO : clicked on login
30/10/21 04:52:21 PM Saturday - <module> - INFO : Launch app
30/10/21 04:52:21 PM Saturday - BasePage - INFO : Element not found with LocatorType: xpath and with the locatorValue ://android.widget.Button[@text='Login']
30/10/21 04:52:21 PM Saturday - BasePage - INFO : Unable to click on Element with LocatorType: xpath and with the locatorValue ://android.widget.Button[@text='Login']
30/10/21 04:53:45 PM Saturday - <module> - INFO : Launch app
30/10/21 04:53:50 PM Saturday - BasePage - INFO : Element not found with LocatorType: xpath and with the locatorValue ://android.widget.Button[@text='Login']
30/10/21 04:53:50 PM Saturday - BasePage - INFO : Unable to click on Element with LocatorType: xpath and with the locatorValue ://android.widget.Button[@text='Login']
30/10/21 04:57:09 PM Saturday - <module> - INFO : Launch app
30/10/21 05:00:29 PM Saturday - BasePage - INFO : Element not found with LocatorType: xpath and with the locatorValue ://android.widget.Button[@text='Login']
30/10/21 05:00:48 PM Saturday - BasePage - INFO : Unable to click on Element with LocatorType: xpath and with the locatorValue ://android.widget.Button[@text='Login']
30/10/21 05:02:22 PM Saturday - <module> - INFO : Launch app
30/10/21 05:02:27 PM Saturday - BasePage - INFO : Element not found with LocatorType: xpath and with the locatorValue ://android.widget.Button[@text='Login']
30/10/21 05:02:27 PM Saturday - BasePage - INFO : Unable to click on Element with LocatorType: xpath and with the locatorValue ://android.widget.Button[@text='Login']
30/10/21 05:05:26 PM Saturday - <module> - INFO : Launch app
30/10/21 05:05:31 PM Saturday - BasePage - INFO : Element not found with LocatorType: xpath and with the locatorValue ://android.widget.Button[@text='Login']
30/10/21 05:05:31 PM Saturday - BasePage - INFO : Unable to click on Element with LocatorType: xpath and with the locatorValue ://android.widget.Button[@text='Login']
30/10/21 05:23:05 PM Saturday - <module> - INFO : Launch app
30/10/21 05:28:34 PM Saturday - BasePage - INFO : Element not found with LocatorType: xpath and with the locatorValue ://android.widget.Button[@text='Login']
30/10/21 05:29:39 PM Saturday - BasePage - INFO : Unable to click on Element with LocatorType: xpath and with the locatorValue ://android.widget.Button[@text='Login']
30/10/21 05:49:01 PM Saturday - <module> - INFO : Launch app
30/10/21 05:53:06 PM Saturday - <module> - INFO : Launch app
30/10/21 05:56:32 PM Saturday - <module> - INFO : Launch app
30/10/21 08:06:53 PM Saturday - <module> - INFO : Launch app
30/10/21 08:11:55 PM Saturday - <module> - INFO : Launch app
30/10/21 08:59:49 PM Saturday - <module> - INFO : Launch app
30/10/21 09:01:56 PM Saturday - <module> - INFO : Launch app
30/10/21 09:23:16 PM Saturday - <module> - INFO : Launch app
30/10/21 09:33:32 PM Saturday - <module> - INFO : Launch app
30/10/21 09:35:06 PM Saturday - <module> - INFO : Launch app
30/10/21 09:36:53 PM Saturday - <module> - INFO : Launch app
30/10/21 09:37:40 PM Saturday - <module> - INFO : Launch app
30/10/21 09:51:27 PM Saturday - <module> - INFO : Launch app
30/10/21 09:57:27 PM Saturday - <module> - INFO : Launch app
30/10/21 10:01:48 PM Saturday - <module> - INFO : Launch app
30/10/21 10:04:48 PM Saturday - <module> - INFO : Launch app
30/10/21 10:05:56 PM Saturday - <module> - INFO : Launch app
30/10/21 10:06:29 PM Saturday - <module> - INFO : Launch app
30/10/21 10:19:48 PM Saturday - <module> - INFO : Launch app
30/10/21 10:22:33 PM Saturday - <module> - INFO : Launch app
30/10/21 10:24:48 PM Saturday - <module> - INFO : Launch app
30/10/21 10:26:35 PM Saturday - <module> - INFO : Launch app
30/10/21 10:27:46 PM Saturday - <module> - INFO : Launch app
30/10/21 10:28:32 PM Saturday - <module> - INFO : Launch app
30/10/21 10:29:53 PM Saturday - <module> - INFO : Launch app
30/10/21 10:30:30 PM Saturday - <module> - INFO : Launch app
30/10/21 10:36:03 PM Saturday - <module> - INFO : Launch app
30/10/21 10:38:29 PM Saturday - <module> - INFO : Launch app
30/10/21 10:47:12 PM Saturday - <module> - INFO : Launch app
30/10/21 11:20:58 PM Saturday - <module> - INFO : Launch app
30/10/21 11:27:11 PM Saturday - <module> - INFO : Launch app
30/10/21 11:31:45 PM Saturday - <module> - INFO : Launch app
30/10/21 11:35:54 PM Saturday - <module> - INFO : Launch app
30/10/21 11:45:28 PM Saturday - <module> - INFO : Launch app
31/10/21 12:06:56 AM Sunday - <module> - INFO : Launch app
31/10/21 12:10:11 AM Sunday - <module> - INFO : Launch app
31/10/21 02:37:50 PM Sunday - <module> - INFO : Launch app
31/10/21 02:51:22 PM Sunday - <module> - INFO : Launch app
31/10/21 02:53:30 PM Sunday - <module> - INFO : Launch app
31/10/21 02:55:49 PM Sunday - <module> - INFO : Launch app
31/10/21 02:59:38 PM Sunday - <module> - INFO : Launch app
31/10/21 03:30:01 PM Sunday - <module> - INFO : Launch app
31/10/21 03:38:53 PM Sunday - <module> - INFO : Launch app
31/10/21 03:40:50 PM Sunday - <module> - INFO : Launch app
31/10/21 05:43:54 PM Sunday - <module> - INFO : Launch app
31/10/21 05:46:23 PM Sunday - <module> - INFO : Launch app
31/10/21 05:50:02 PM Sunday - <module> - INFO : Launch app
01/11/21 04:59:46 PM Monday - <module> - INFO : Launch app
01/11/21 05:01:30 PM Monday - <module> - INFO : Launch app
01/11/21 05:10:16 PM Monday - <module> - INFO : Launch app
01/11/21 05:15:00 PM Monday - <module> - INFO : Launch app
01/11/21 05:16:22 PM Monday - <module> - INFO : Launch app
01/11/21 05:19:35 PM Monday - <module> - INFO : Launch app
01/11/21 05:21:08 PM Monday - <module> - INFO : Launch app
01/11/21 05:28:42 PM Monday - <module> - INFO : Launch app
01/11/21 05:33:47 PM Monday - <module> - INFO : Launch app
01/11/21 06:17:21 PM Monday - <module> - INFO : Launch app
01/11/21 06:18:30 PM Monday - <module> - INFO : Launch app
01/11/21 06:19:32 PM Monday - <module> - INFO : Launch app
01/11/21 06:21:21 PM Monday - <module> - INFO : Launch app
01/11/21 06:33:11 PM Monday - <module> - INFO : Launch app
01/11/21 09:31:23 PM Monday - <module> - INFO : Launch app
01/11/21 09:32:42 PM Monday - <module> - INFO : Launch app
01/11/21 09:35:51 PM Monday - <module> - INFO : Launch app
01/11/21 09:40:19 PM Monday - <module> - INFO : Launch app
01/11/21 09:41:33 PM Monday - <module> - INFO : Launch app
01/11/21 09:42:49 PM Monday - <module> - INFO : Launch app
01/11/21 09:56:26 PM Monday - <module> - INFO : Launch app
01/11/21 10:49:40 PM Monday - <module> - INFO : Launch app
01/11/21 10:51:09 PM Monday - <module> - INFO : Launch app
01/11/21 10:53:03 PM Monday - <module> - INFO : Launch app
01/11/21 10:54:35 PM Monday - <module> - INFO : Launch app
01/11/21 10:55:32 PM Monday - <module> - INFO : Launch app
01/11/21 10:56:49 PM Monday - <module> - INFO : Launch app
01/11/21 10:57:57 PM Monday - <module> - INFO : Launch app
01/11/21 11:09:29 PM Monday - <module> - INFO : Launch app
01/11/21 11:12:18 PM Monday - <module> - INFO : Launch app
02/11/21 12:44:47 AM Tuesday - <module> - INFO : Launch app
02/11/21 12:46:04 AM Tuesday - <module> - INFO : Launch app
02/11/21 12:48:07 AM Tuesday - <module> - INFO : Launch app
02/11/21 12:50:09 AM Tuesday - <module> - INFO : Launch app
02/11/21 12:51:24 AM Tuesday - <module> - INFO : Launch app
02/11/21 12:53:43 AM Tuesday - <module> - INFO : Launch app
02/11/21 01:08:03 AM Tuesday - <module> - INFO : Launch app
02/11/21 01:21:21 AM Tuesday - <module> - INFO : Launch app
02/11/21 01:24:52 AM Tuesday - <module> - INFO : Launch app
02/11/21 01:26:28 AM Tuesday - <module> - INFO : Launch app
02/11/21 01:30:00 AM Tuesday - <module> - INFO : Launch app
02/11/21 01:34:00 AM Tuesday - <module> - INFO : Launch app
02/11/21 01:42:30 AM Tuesday - <module> - INFO : Launch app
02/11/21 01:47:48 AM Tuesday - <module> - INFO : Launch app
02/11/21 01:49:57 AM Tuesday - <module> - INFO : Launch app
02/11/21 01:54:20 AM Tuesday - <module> - INFO : Launch app
02/11/21 01:55:57 AM Tuesday - <module> - INFO : Launch app
02/11/21 01:56:27 AM Tuesday - <module> - INFO : Launch app
02/11/21 01:58:00 AM Tuesday - <module> - INFO : Launch app
02/11/21 01:58:47 AM Tuesday - <module> - INFO : Launch app
02/11/21 02:01:23 AM Tuesday - <module> - INFO : Launch app
02/11/21 09:11:10 AM Tuesday - <module> - INFO : Launch app
02/11/21 09:12:42 AM Tuesday - <module> - INFO : Launch app
02/11/21 09:20:26 AM Tuesday - <module> - INFO : Launch app
02/11/21 09:31:11 AM Tuesday - <module> - INFO : Launch app
02/11/21 09:37:21 AM Tuesday - <module> - INFO : Launch app
02/11/21 09:38:27 AM Tuesday - <module> - INFO : Launch app
02/11/21 09:43:35 AM Tuesday - <module> - INFO : Launch app
02/11/21 09:49:44 AM Tuesday - <module> - INFO : Launch app
02/11/21 09:51:31 AM Tuesday - <module> - INFO : Launch app
02/11/21 09:53:03 AM Tuesday - <module> - INFO : Launch app
02/11/21 09:55:42 AM Tuesday - <module> - INFO : Launch app
02/11/21 09:56:53 AM Tuesday - <module> - INFO : Launch app
02/11/21 09:58:10 AM Tuesday - <module> - INFO : Launch app
02/11/21 11:13:31 AM Tuesday - <module> - INFO : Launch app
02/11/21 11:14:43 AM Tuesday - <module> - INFO : Launch app
02/11/21 11:19:26 AM Tuesday - <module> - INFO : Launch app
02/11/21 11:29:11 AM Tuesday - <module> - INFO : Launch app
02/11/21 11:37:45 AM Tuesday - <module> - INFO : Launch app
02/11/21 11:40:22 AM Tuesday - <module> - INFO : Launch app
02/11/21 11:43:23 AM Tuesday - <module> - INFO : Launch app
02/11/21 11:46:03 AM Tuesday - <module> - INFO : Launch app
02/11/21 12:08:25 PM Tuesday - <module> - INFO : Launch app
02/11/21 12:12:13 PM Tuesday - <module> - INFO : Launch app
02/11/21 12:16:14 PM Tuesday - <module> - INFO : Launch app
02/11/21 12:21:31 PM Tuesday - <module> - INFO : Launch app
